<?xml version="1.0" encoding="UTF-8"?>
<!-- Generated by org.testng.reporters.JUnitReportReporter -->
<testsuite hostname="Malhotras-MacBook-Air.local" failures="0" tests="3" name="com.Project.TestCases.TC02_PlaceAnOrder" time="3.468" errors="0" timestamp="2023-12-19T01:01:37 IST" skipped="0">
  <testcase classname="com.Project.TestCases.TC02_PlaceAnOrder" name="loginFlowTest" time="1.471"/>
  <testcase classname="com.Project.TestCases.TC02_PlaceAnOrder" name="loginFlow" time="0.794"/>
  <testcase classname="com.Project.TestCases.TC02_PlaceAnOrder" name="productCheckout" time="1.203"/>
</testsuite> <!-- com.Project.TestCases.TC02_PlaceAnOrder -->
