<?xml version="1.0" encoding="UTF-8"?>
<!-- Generated by org.testng.reporters.JUnitReportReporter -->
<testsuite hostname="Malhotras-MacBook-Air.local" failures="0" tests="2" name="com.Project.TestCases.TC01_LoginFlow" time="2.072" errors="0" timestamp="2023-12-19T01:01:37 IST" skipped="0">
  <testcase classname="com.Project.TestCases.TC01_LoginFlow" name="loginFlowTest" time="1.449"/>
  <testcase classname="com.Project.TestCases.TC01_LoginFlow" name="loginFlow" time="0.623"/>
</testsuite> <!-- com.Project.TestCases.TC01_LoginFlow -->
